[+] Containers:
 |- [+] Container: /Game/ThirdPerson/Maps/ThirdPersonMap
 |   |- [+] ActorDescs:
 |   |   |- Guid:0219BB6F4A03FF5E36B25BBACE150E19 BaseClass:/Game/dead_zone.dead_zone_C NativeClass:/Script/Engine.TriggerSphere Name:dead_zone_C_UAID_A4BB6D4C2A4B70C201_1664032779 Label:dead_zone24 SpatiallyLoaded:1 Bounds:IsValid=true, Min=(X=1964.000 Y=2198.000 Z=0.000), Max=(X=2044.000 Y=2278.000 Z=80.000) RuntimeGrid:None EditorOnly:0 RuntimeOnly:0 HLODRelevant:0
 |   |   |- Guid:0483AAD74D531AF3EC64BBB0EAE40C3B BaseClass:/Game/dead_zone.dead_zone_C NativeClass:/Script/Engine.TriggerSphere Name:dead_zone_C_UAID_A4BB6D4C2A4B6FC201_1950753596 Label:dead_zone19 SpatiallyLoaded:1 Bounds:IsValid=true, Min=(X=2259.000 Y=2257.000 Z=242.000), Max=(X=2339.000 Y=2337.000 Z=322.000) RuntimeGrid:None EditorOnly:0 RuntimeOnly:0 HLODRelevant:0
 |   |   |- Guid:1410FE7A415A00F14622BBBBBCD5CAAE BaseClass: NativeClass:/Script/Engine.StaticMeshActor Name:StaticMeshActor_UAID_A4BB6D4C2A4B71C201_1546201962 Label:Cube19 SpatiallyLoaded:1 Bounds:IsValid=true, Min=(X=2097.500 Y=1327.000 Z=1.000), Max=(X=2122.500 Y=1927.000 Z=401.000) RuntimeGrid:None EditorOnly:0 RuntimeOnly:0 HLODRelevant:1
 |   |   |- Guid:1E899B0C4DC38FBAEEE07DBB48DD7D39 BaseClass:/Game/dead_zone.dead_zone_C NativeClass:/Script/Engine.TriggerSphere Name:dead_zone_C_UAID_A4BB6D4C2A4B6FC201_1930069584 Label:dead_zone7 SpatiallyLoaded:1 Bounds:IsValid=true, Min=(X=2102.000 Y=2257.000 Z=81.000), Max=(X=2182.000 Y=2337.000 Z=161.000) RuntimeGrid:None EditorOnly:0 RuntimeOnly:0 HLODRelevant:0
 |   |   |- Guid:1F021F32400C8E7F729008A0A1000DCD BaseClass:/Game/dead_zone.dead_zone_C NativeClass:/Script/Engine.TriggerSphere Name:dead_zone_C_UAID_A4BB6D4C2A4B6FC201_1944234589 Label:dead_zone12 SpatiallyLoaded:1 Bounds:IsValid=true, Min=(X=2102.000 Y=2257.000 Z=161.000), Max=(X=2182.000 Y=2337.000 Z=241.000) RuntimeGrid:None EditorOnly:0 RuntimeOnly:0 HLODRelevant:0
 |   |   |- Guid:20DF3CF347E97C2DB053C1A43803CC3A BaseClass:/Game/dead_zone.dead_zone_C NativeClass:/Script/Engine.TriggerSphere Name:dead_zone_C_UAID_A4BB6D4C2A4B6FC201_1944238591 Label:dead_zone14 SpatiallyLoaded:1 Bounds:IsValid=true, Min=(X=2259.000 Y=2257.000 Z=161.000), Max=(X=2339.000 Y=2337.000 Z=241.000) RuntimeGrid:None EditorOnly:0 RuntimeOnly:0 HLODRelevant:0
 |   |   |- Guid:21062A0146DDCB330CFEEEAA30DBBA39 BaseClass: NativeClass:/Script/Engine.StaticMeshActor Name:StaticMeshActor_UAID_A4BB6D4C2A4B6FC201_1082262571 Label:Cube10 SpatiallyLoaded:1 Bounds:IsValid=true, Min=(X=1877.500 Y=127.500 Z=-0.000), Max=(X=2102.500 Y=152.500 Z=400.000) RuntimeGrid:None EditorOnly:0 RuntimeOnly:0 HLODRelevant:1
 |   |   |- Guid:222DFB664BEE01B5D55D4992C422D31A BaseClass:/Game/dead_zone.dead_zone_C NativeClass:/Script/Engine.TriggerSphere Name:dead_zone_C_UAID_A4BB6D4C2A4B6FC201_1944242593 Label:dead_zone16 SpatiallyLoaded:1 Bounds:IsValid=true, Min=(X=2418.000 Y=2257.000 Z=161.000), Max=(X=2498.000 Y=2337.000 Z=241.000) RuntimeGrid:None EditorOnly:0 RuntimeOnly:0 HLODRelevant:0
 |   |   |- Guid:2903FB424202E15307BBAE9AF9152E91 BaseClass:/Game/dead_zone.dead_zone_C NativeClass:/Script/Engine.TriggerSphere Name:dead_zone_C_UAID_A4BB6D4C2A4B6FC201_1877359580 Label:dead_zone3 SpatiallyLoaded:1 Bounds:IsValid=true, Min=(X=2180.000 Y=2257.000 Z=2.000), Max=(X=2260.000 Y=2337.000 Z=82.000) RuntimeGrid:None EditorOnly:0 RuntimeOnly:0 HLODRelevant:0
 |   |   |- Guid:2D99635C4EA1F5B8AFDA32A7D990041D BaseClass:/Game/dead_zone.dead_zone_C NativeClass:/Script/Engine.TriggerSphere Name:dead_zone_C_UAID_A4BB6D4C2A4B6FC201_1950750594 Label:dead_zone17 SpatiallyLoaded:1 Bounds:IsValid=true, Min=(X=2102.000 Y=2257.000 Z=242.000), Max=(X=2182.000 Y=2337.000 Z=322.000) RuntimeGrid:None EditorOnly:0 RuntimeOnly:0 HLODRelevant:0
 |   |   |- Guid:2E04EF504EC3E7C3C6DFBEAE09A972BA BaseClass:/Game/dead_zone.dead_zone_C NativeClass:/Script/Engine.TriggerSphere Name:dead_zone_C_UAID_A4BB6D4C2A4B84C001_1304774144 Label:dead_zone SpatiallyLoaded:1 Bounds:IsValid=true, Min=(X=770.000 Y=1620.000 Z=-40.000), Max=(X=850.000 Y=1700.000 Z=40.000) RuntimeGrid:None EditorOnly:0 RuntimeOnly:0 HLODRelevant:0
 |   |   |- Guid:2FB58999456391D349DC0F86DAC136ED BaseClass: NativeClass:/Script/Engine.SkyLight Name:SkyLight_1 Label:SkyLight SpatiallyLoaded:0 Bounds:IsValid=true, Min=(X=0.000 Y=0.000 Z=690.000), Max=(X=0.000 Y=0.000 Z=690.000) RuntimeGrid:None EditorOnly:0 RuntimeOnly:0 HLODRelevant:0 FolderPath:Lighting FolderGuid:963EC3EB4002CCE9759E2EBA541A873A
 |   |   |- Guid:2FF7580045BB0F0242945EACD5E807B3 BaseClass:/Game/dead_zone.dead_zone_C NativeClass:/Script/Engine.TriggerSphere Name:dead_zone_C_UAID_A4BB6D4C2A4B6FC201_1950752595 Label:dead_zone18 SpatiallyLoaded:1 Bounds:IsValid=true, Min=(X=2180.000 Y=2257.000 Z=242.000), Max=(X=2260.000 Y=2337.000 Z=322.000) RuntimeGrid:None EditorOnly:0 RuntimeOnly:0 HLODRelevant:0
 |   |   |- Guid:316CF2A6494ACA4C0E4180A87D36AB8F BaseClass: NativeClass:/Script/Engine.ExponentialHeightFog Name:ExponentialHeightFog_0 Label:ExponentialHeightFog SpatiallyLoaded:0 Bounds:IsValid=true, Min=(X=-5600.000 Y=-50.000 Z=-6850.000), Max=(X=-5600.000 Y=-50.000 Z=-6850.000) RuntimeGrid:None EditorOnly:0 RuntimeOnly:0 HLODRelevant:0 FolderPath:Lighting FolderGuid:963EC3EB4002CCE9759E2EBA541A873A
 |   |   |- Guid:3205062D4D00C7FA542D5FB762404C10 BaseClass: NativeClass:/Script/Engine.StaticMeshActor Name:StaticMeshActor_UAID_A4BB6D4C2A4B6AC201_1751545679 Label:Cube SpatiallyLoaded:1 Bounds:IsValid=true, Min=(X=2097.500 Y=127.000 Z=1.000), Max=(X=2122.500 Y=727.000 Z=401.000) RuntimeGrid:None EditorOnly:0 RuntimeOnly:0 HLODRelevant:1
 |   |   |- Guid:357D576F4EED21E7FBD9A7B911B4C255 BaseClass:/Game/dead_zone.dead_zone_C NativeClass:/Script/Engine.TriggerSphere Name:dead_zone_C_UAID_A4BB6D4C2A4B70C201_1701613781 Label:dead_zone26 SpatiallyLoaded:1 Bounds:IsValid=true, Min=(X=2633.000 Y=2214.000 Z=0.000), Max=(X=2713.000 Y=2294.000 Z=80.000) RuntimeGrid:None EditorOnly:0 RuntimeOnly:0 HLODRelevant:0
 |   |   |- Guid:38BF53B94A5061842809D8ABBEBE2BAB BaseClass:/Game/finished_security_camera.finished_security_camera_C NativeClass:/Script/Engine.Actor Name:finished_security_camera_C_UAID_A4BB6D4C2A4B6FC201_1760787577 Label:finished_security_camera SpatiallyLoaded:1 Bounds:IsValid=true, Min=(X=2102.303 Y=2283.563 Z=204.430), Max=(X=2155.626 Y=2294.437 Z=223.592) RuntimeGrid:None EditorOnly:0 RuntimeOnly:0 HLODRelevant:0
 |   |   |- Guid:3A00AA1C422CE54C0BDB60BAF471BFBB BaseClass: NativeClass:/Script/Engine.PlayerStart Name:PlayerStart_0 Label:PlayerStart SpatiallyLoaded:0 Bounds:IsValid=true, Min=(X=860.000 Y=1070.000 Z=0.013), Max=(X=940.000 Y=1150.000 Z=184.013) RuntimeGrid:None EditorOnly:0 RuntimeOnly:0 HLODRelevant:0
 |   |   |- Guid:3AE9BA6A49968761330C22B8329654BC BaseClass: NativeClass:/Script/Engine.StaticMeshActor Name:StaticMeshActor_UAID_A4BB6D4C2A4B71C201_1259099960 Label:Cube17 SpatiallyLoaded:1 Bounds:IsValid=true, Min=(X=1857.500 Y=1927.500 Z=1.000), Max=(X=1882.500 Y=2302.500 Z=401.000) RuntimeGrid:None EditorOnly:0 RuntimeOnly:0 HLODRelevant:1
 |   |   |- Guid:3AFF92CB46A72FA99411A7AE41104A54 BaseClass: NativeClass:/Script/Engine.StaticMeshActor Name:StaticMeshActor_UAID_A4BB6D4C2A4B71C201_1546199961 Label:Cube18 SpatiallyLoaded:1 Bounds:IsValid=true, Min=(X=2097.500 Y=727.000 Z=1.000), Max=(X=2122.500 Y=1327.000 Z=401.000) RuntimeGrid:None EditorOnly:0 RuntimeOnly:0 HLODRelevant:1
 |   |   |- Guid:3C39CE24417D6D645C4FB98F7F871CD8 BaseClass: NativeClass:/Script/Engine.StaticMeshActor Name:StaticMeshActor_UAID_A4BB6D4C2A4B6FC201_1243335574 Label:Cube12 SpatiallyLoaded:1 Bounds:IsValid=true, Min=(X=2497.500 Y=2277.500 Z=-0.000), Max=(X=2722.500 Y=2302.500 Z=400.000) RuntimeGrid:None EditorOnly:0 RuntimeOnly:0 HLODRelevant:1
 |   |   |- Guid:4010632842B21FE89F52CF9B4CCE8066 BaseClass: NativeClass:/Script/Engine.StaticMeshActor Name:StaticMeshActor_UAID_A4BB6D4C22EBB8C201_1352597407 Label:Cube20 SpatiallyLoaded:1 Bounds:IsValid=true, Min=(X=1857.500 Y=-573.000 Z=-401.000), Max=(X=1882.500 Y=127.000 Z=-1.000) RuntimeGrid:None EditorOnly:0 RuntimeOnly:0 HLODRelevant:1
 |   |   |- Guid:4C78E99F45BFEA4B505B55B692704DFC BaseClass: NativeClass:/Script/Engine.StaticMeshActor Name:StaticMeshActor_UAID_A4BB6D4C2A4B70C201_2128507783 Label:Cube16 SpatiallyLoaded:1 Bounds:IsValid=true, Min=(X=1857.500 Y=-573.000 Z=1.000), Max=(X=1882.500 Y=127.000 Z=401.000) RuntimeGrid:None EditorOnly:0 RuntimeOnly:0 HLODRelevant:1
 |   |   |- Guid:4D3BE93F4146AAAC8BBE79999D96D57F BaseClass: NativeClass:/Script/Engine.VolumetricCloud Name:VolumetricCloud_0 Label:VolumetricCloud SpatiallyLoaded:0 Bounds:IsValid=true, Min=(X=0.000 Y=0.000 Z=820.000), Max=(X=0.000 Y=0.000 Z=820.000) RuntimeGrid:None EditorOnly:0 RuntimeOnly:0 HLODRelevant:0 FolderPath:Lighting FolderGuid:963EC3EB4002CCE9759E2EBA541A873A
 |   |   |- Guid:50AB24584297B7009FE85B840C3A09A0 BaseClass:/Game/dead_zone.dead_zone_C NativeClass:/Script/Engine.TriggerSphere Name:dead_zone_C_UAID_A4BB6D4C2A4B6FC201_1944237590 Label:dead_zone13 SpatiallyLoaded:1 Bounds:IsValid=true, Min=(X=2180.000 Y=2257.000 Z=161.000), Max=(X=2260.000 Y=2337.000 Z=241.000) RuntimeGrid:None EditorOnly:0 RuntimeOnly:0 HLODRelevant:0
 |   |   |- Guid:53C7C29447659358B7DC1F8C70E21BA9 BaseClass:/Game/dead_zone.dead_zone_C NativeClass:/Script/Engine.TriggerSphere Name:dead_zone_C_UAID_A4BB6D4C2A4B6FC201_1836893579 Label:dead_zone2 SpatiallyLoaded:1 Bounds:IsValid=true, Min=(X=2102.000 Y=2257.000 Z=2.000), Max=(X=2182.000 Y=2337.000 Z=82.000) RuntimeGrid:None EditorOnly:0 RuntimeOnly:0 HLODRelevant:0
 |   |   |- Guid:54B0C1E1485D4F81ACF418918F7AB863 BaseClass: NativeClass:/Script/Engine.StaticMeshActor Name:StaticMeshActor_UAID_A4BB6D4C2A4B6FC201_1261711575 Label:Cube13 SpatiallyLoaded:1 Bounds:IsValid=true, Min=(X=1877.500 Y=2277.500 Z=-0.000), Max=(X=2102.500 Y=2302.500 Z=400.000) RuntimeGrid:None EditorOnly:0 RuntimeOnly:0 HLODRelevant:1
 |   |   |- Guid:57D8C05A4FD70A05C379C1AFC251BFE1 BaseClass:/Game/dead_zone.dead_zone_C NativeClass:/Script/Engine.TriggerSphere Name:dead_zone_C_UAID_A4BB6D4C2A4B6FC201_1891717583 Label:dead_zone6 SpatiallyLoaded:1 Bounds:IsValid=true, Min=(X=2418.000 Y=2257.000 Z=2.000), Max=(X=2498.000 Y=2337.000 Z=82.000) RuntimeGrid:None EditorOnly:0 RuntimeOnly:0 HLODRelevant:0
 |   |   |- Guid:587AE0D64C290AD76DD3E4B090E1B686 BaseClass: NativeClass:/Script/Engine.StaticMeshActor Name:StaticMeshActor_UAID_A4BB6D4C2A4B6FC201_1172840572 Label:Cube11 SpatiallyLoaded:1 Bounds:IsValid=true, Min=(X=2497.500 Y=127.500 Z=-0.000), Max=(X=2722.500 Y=152.500 Z=400.000) RuntimeGrid:None EditorOnly:0 RuntimeOnly:0 HLODRelevant:1
 |   |   |- Guid:5D59DA4744A6C41190E2F5A09212D5BD BaseClass: NativeClass:/Script/Engine.StaticMeshActor Name:StaticMeshActor_UAID_A4BB6D4C22EBB8C201_1352600408 Label:Cube21 SpatiallyLoaded:1 Bounds:IsValid=true, Min=(X=1873.000 Y=-576.500 Z=-402.000), Max=(X=2723.000 Y=-551.500 Z=-2.000) RuntimeGrid:None EditorOnly:0 RuntimeOnly:0 HLODRelevant:1
 |   |   |- Guid:5FEB02294F95AA14E380BDB299754134 BaseClass: NativeClass:/Script/Engine.StaticMeshActor Name:StaticMeshActor_UAID_A4BB6D4C22EB0FC101_1194513609 Label:SM_AssetPlatform SpatiallyLoaded:1 Bounds:IsValid=true, Min=(X=490.000 Y=510.000 Z=-0.050), Max=(X=690.000 Y=710.000 Z=10.000) RuntimeGrid:None EditorOnly:0 RuntimeOnly:0 HLODRelevant:1
 |   |   |- Guid:6BAF4DDD444C60371492D3919DB42C97 BaseClass: NativeClass:/Script/Engine.WorldDataLayers Name:WorldDataLayers Label:WorldDataLayers SpatiallyLoaded:0 Bounds:IsValid=true, Min=(X=0.000 Y=0.000 Z=0.000), Max=(X=0.000 Y=0.000 Z=0.000) RuntimeGrid:None EditorOnly:0 RuntimeOnly:0 HLODRelevant:0
 |   |   |- Guid:7860EFC34BB50439B84E2F8FE34678E9 BaseClass:/Game/dead_zone.dead_zone_C NativeClass:/Script/Engine.TriggerSphere Name:dead_zone_C_UAID_A4BB6D4C2A4B6FC201_1930072586 Label:dead_zone9 SpatiallyLoaded:1 Bounds:IsValid=true, Min=(X=2259.000 Y=2257.000 Z=81.000), Max=(X=2339.000 Y=2337.000 Z=161.000) RuntimeGrid:None EditorOnly:0 RuntimeOnly:0 HLODRelevant:0
 |   |   |- Guid:78FC2B1C4BB3D25E5685C8AC6AE6D792 BaseClass:/Game/dead_zone.dead_zone_C NativeClass:/Script/Engine.TriggerSphere Name:dead_zone_C_UAID_A4BB6D4C2A4B6FC201_1930073587 Label:dead_zone10 SpatiallyLoaded:1 Bounds:IsValid=true, Min=(X=2338.000 Y=2257.000 Z=81.000), Max=(X=2418.000 Y=2337.000 Z=161.000) RuntimeGrid:None EditorOnly:0 RuntimeOnly:0 HLODRelevant:0
 |   |   |- Guid:79C184F04D2A333BA33781AF8175C47C BaseClass: NativeClass:/Script/Engine.StaticMeshActor Name:StaticMeshActor_UAID_A4BB6D4C2A4B6CC201_1542765037 Label:Cube6 SpatiallyLoaded:1 Bounds:IsValid=true, Min=(X=2477.500 Y=1327.000 Z=1.000), Max=(X=2502.500 Y=1927.000 Z=401.000) RuntimeGrid:None EditorOnly:0 RuntimeOnly:0 HLODRelevant:1
 |   |   |- Guid:7B00FD844A17801C99293397E71103B8 BaseClass: NativeClass:/Script/Engine.StaticMeshActor Name:StaticMeshActor_UAID_A4BB6D4C2A4B6CC201_1571992038 Label:Cube7 SpatiallyLoaded:1 Bounds:IsValid=true, Min=(X=2100.000 Y=127.000 Z=400.500), Max=(X=2500.000 Y=1927.000 Z=425.500) RuntimeGrid:None EditorOnly:0 RuntimeOnly:0 HLODRelevant:1
 |   |   |- Guid:7D97FC624CC0358D8D40C5850180F48E BaseClass:/Game/dead_zone.dead_zone_C NativeClass:/Script/Engine.TriggerSphere Name:dead_zone_C_UAID_A4BB6D4C2A4B70C201_1677022780 Label:dead_zone25 SpatiallyLoaded:1 Bounds:IsValid=true, Min=(X=1964.000 Y=2132.000 Z=0.000), Max=(X=2044.000 Y=2212.000 Z=80.000) RuntimeGrid:None EditorOnly:0 RuntimeOnly:0 HLODRelevant:0
 |   |   |- Guid:7FBD4A2F4ACD5533F9912C82A0C43271 BaseClass:/Game/dead_zone.dead_zone_C NativeClass:/Script/Engine.TriggerSphere Name:dead_zone_C_UAID_A4BB6D4C2A4B6FC201_1930071585 Label:dead_zone8 SpatiallyLoaded:1 Bounds:IsValid=true, Min=(X=2180.000 Y=2257.000 Z=81.000), Max=(X=2260.000 Y=2337.000 Z=161.000) RuntimeGrid:None EditorOnly:0 RuntimeOnly:0 HLODRelevant:0
 |   |   |- Guid:88DF6B26439E805A7E02D9939F76D1BD BaseClass:/Game/dead_zone.dead_zone_C NativeClass:/Script/Engine.TriggerSphere Name:dead_zone_C_UAID_A4BB6D4C2A4B70C201_1647420778 Label:dead_zone23 SpatiallyLoaded:1 Bounds:IsValid=true, Min=(X=1884.000 Y=2118.000 Z=0.000), Max=(X=1964.000 Y=2198.000 Z=80.000) RuntimeGrid:None EditorOnly:0 RuntimeOnly:0 HLODRelevant:0
 |   |   |- Guid:8A098AD54AA7972951A57FA6126638A4 BaseClass: NativeClass:/Script/Engine.StaticMeshActor Name:StaticMeshActor_UAID_A4BB6D4C2A4B6CC201_1530881035 Label:Cube4 SpatiallyLoaded:1 Bounds:IsValid=true, Min=(X=2477.500 Y=727.000 Z=1.000), Max=(X=2502.500 Y=1327.000 Z=401.000) RuntimeGrid:None EditorOnly:0 RuntimeOnly:0 HLODRelevant:1
 |   |   |- Guid:8E3343C94B6C19446691A7856E1CE617 BaseClass:/Game/finished_security_camera.finished_security_camera_C NativeClass:/Script/Engine.Actor Name:finished_security_camera_C_UAID_A4BB6D4C2A4B6FC201_1787523578 Label:finished_security_camera2 SpatiallyLoaded:1 Bounds:IsValid=true, Min=(X=2444.804 Y=2279.369 Z=204.430), Max=(X=2499.206 Y=2299.338 Z=223.592) RuntimeGrid:None EditorOnly:0 RuntimeOnly:0 HLODRelevant:0
 |   |   |- Guid:9EDCBD4A48B593538CB47FA9C2C20A6C BaseClass:/Game/elevator.elevator_C NativeClass:/Script/Engine.Actor Name:elevator_C_UAID_A4BB6D4C2A4B6CC201_1914343040 Label:elevator SpatiallyLoaded:1 Bounds:IsValid=true, Min=(X=1777.665 Y=-794.451 Z=-383.972), Max=(X=2822.335 Y=234.451 Z=323.972) RuntimeGrid:None EditorOnly:0 RuntimeOnly:0 HLODRelevant:0
 |   |   |- Guid:A02F5AEE47AE29A5F1AA39BA205B13FE BaseClass: NativeClass:/Script/Engine.StaticMeshActor Name:StaticMeshActor_UAID_A4BB6D4C22EBB8C201_1674309411 Label:Cube24 SpatiallyLoaded:1 Bounds:IsValid=true, Min=(X=2719.000 Y=-542.000 Z=-929.000), Max=(X=2819.000 Y=-442.000 Z=-829.000) RuntimeGrid:None EditorOnly:0 RuntimeOnly:0 HLODRelevant:1
 |   |   |- Guid:A64253CB43467A34AB8E4886C818ED47 BaseClass:/Game/dead_zone.dead_zone_C NativeClass:/Script/Engine.TriggerSphere Name:dead_zone_C_UAID_A4BB6D4C2A4B6FC201_1944240592 Label:dead_zone15 SpatiallyLoaded:1 Bounds:IsValid=true, Min=(X=2338.000 Y=2257.000 Z=161.000), Max=(X=2418.000 Y=2337.000 Z=241.000) RuntimeGrid:None EditorOnly:0 RuntimeOnly:0 HLODRelevant:0
 |   |   |- Guid:B785ED2844B84CFB91E7F39FE661CD99 BaseClass: NativeClass:/Script/Engine.DirectionalLight Name:DirectionalLight_0 Label:DirectionalLight SpatiallyLoaded:0 Bounds:IsValid=true, Min=(X=-1048576.000 Y=-1048576.000 Z=-1048576.000), Max=(X=1048576.000 Y=1048576.000 Z=1048576.000) RuntimeGrid:None EditorOnly:0 RuntimeOnly:0 HLODRelevant:0 FolderPath:Lighting FolderGuid:963EC3EB4002CCE9759E2EBA541A873A
 |   |   |- Guid:BAA9D3BC4917A67A5E57FBBFF7894E35 BaseClass: NativeClass:/Script/Engine.StaticMeshActor Name:StaticMeshActor_UAID_A4BB6D4C2A4B6CC201_1542764036 Label:Cube5 SpatiallyLoaded:1 Bounds:IsValid=true, Min=(X=1857.500 Y=1327.000 Z=1.000), Max=(X=1882.500 Y=1927.000 Z=401.000) RuntimeGrid:None EditorOnly:0 RuntimeOnly:0 HLODRelevant:1
 |   |   |- Guid:C438E5A0476E9F6C218F50AB269885AB BaseClass: NativeClass:/Script/Engine.TriggerVolume Name:TriggerVolume_UAID_A4BB6D4C22EB0FC101_1157135608 Label:TriggerVolume SpatiallyLoaded:1 Bounds:IsValid=true, Min=(X=470.000 Y=560.000 Z=20.000), Max=(X=670.000 Y=760.000 Z=220.000) RuntimeGrid:None EditorOnly:0 RuntimeOnly:0 HLODRelevant:0
 |   |   |- Guid:C5E98BD44190C368FAB2079CDF1C743B BaseClass:/Game/dead_zone.dead_zone_C NativeClass:/Script/Engine.TriggerSphere Name:dead_zone_C_UAID_A4BB6D4C2A4B6FC201_1950754597 Label:dead_zone20 SpatiallyLoaded:1 Bounds:IsValid=true, Min=(X=2338.000 Y=2257.000 Z=242.000), Max=(X=2418.000 Y=2337.000 Z=322.000) RuntimeGrid:None EditorOnly:0 RuntimeOnly:0 HLODRelevant:0
 |   |   |- Guid:CCFF262C46EEFFDF319E7F9539CE697E BaseClass: NativeClass:/Script/Engine.SkyAtmosphere Name:SkyAtmosphere_0 Label:SkyAtmosphere SpatiallyLoaded:0 Bounds:IsValid=true, Min=(X=0.000 Y=0.000 Z=1020.000), Max=(X=0.000 Y=0.000 Z=1020.000) RuntimeGrid:None EditorOnly:0 RuntimeOnly:0 HLODRelevant:0 FolderPath:Lighting FolderGuid:963EC3EB4002CCE9759E2EBA541A873A
 |   |   |- Guid:CECD9B504650C66A6322E086D960D0A9 BaseClass:/Game/dead_zone.dead_zone_C NativeClass:/Script/Engine.TriggerSphere Name:dead_zone_C_UAID_A4BB6D4C2A4B6FC201_1887202582 Label:dead_zone5 SpatiallyLoaded:1 Bounds:IsValid=true, Min=(X=2338.000 Y=2257.000 Z=2.000), Max=(X=2418.000 Y=2337.000 Z=82.000) RuntimeGrid:None EditorOnly:0 RuntimeOnly:0 HLODRelevant:0
 |   |   |- Guid:D476DA7347972F511F7898B24D57525C BaseClass: NativeClass:/Script/Engine.SpotLight Name:SpotLight_UAID_A4BB6D4C22EB0EC101_2065874431 Label:SpotLight SpatiallyLoaded:1 Bounds:IsValid=true, Min=(X=400.656 Y=-399.344 Z=-1138.688), Max=(X=1999.344 Y=1199.344 Z=460.000) RuntimeGrid:None EditorOnly:0 RuntimeOnly:0 HLODRelevant:0
 |   |   |- Guid:DAE1D40F48A23FD03D5716A6B769571E BaseClass: NativeClass:/Script/Engine.StaticMeshActor Name:StaticMeshActor_UAID_A4BB6D4C2A4B6EC201_1944836393 Label:Cube8 SpatiallyLoaded:1 Bounds:IsValid=true, Min=(X=2717.500 Y=-577.500 Z=-0.000), Max=(X=2742.500 Y=2297.500 Z=400.000) RuntimeGrid:None EditorOnly:0 RuntimeOnly:0 HLODRelevant:1
 |   |   |- Guid:DAEF58F74297194B7C124282C662AB7A BaseClass:/Game/dead_zone.dead_zone_C NativeClass:/Script/Engine.TriggerSphere Name:dead_zone_C_UAID_A4BB6D4C2A4B6FC201_1930075588 Label:dead_zone11 SpatiallyLoaded:1 Bounds:IsValid=true, Min=(X=2418.000 Y=2257.000 Z=81.000), Max=(X=2498.000 Y=2337.000 Z=161.000) RuntimeGrid:None EditorOnly:0 RuntimeOnly:0 HLODRelevant:0
 |   |   |- Guid:DFDAD356422A7FD84502669B78F198BD BaseClass: NativeClass:/Script/Engine.StaticMeshActor Name:StaticMeshActor_UAID_A4BB6D4C2A4B6CC201_1485408033 Label:Cube2 SpatiallyLoaded:1 Bounds:IsValid=true, Min=(X=2477.500 Y=127.000 Z=1.000), Max=(X=2502.500 Y=727.000 Z=401.000) RuntimeGrid:None EditorOnly:0 RuntimeOnly:0 HLODRelevant:1
 |   |   |- Guid:E87E56BF485F2BFD721D388C7EB1E8AE BaseClass:/Game/dead_zone.dead_zone_C NativeClass:/Script/Engine.TriggerSphere Name:dead_zone_C_UAID_A4BB6D4C2A4B6FC201_1883276581 Label:dead_zone4 SpatiallyLoaded:1 Bounds:IsValid=true, Min=(X=2259.000 Y=2257.000 Z=2.000), Max=(X=2339.000 Y=2337.000 Z=82.000) RuntimeGrid:None EditorOnly:0 RuntimeOnly:0 HLODRelevant:0
 |   |   |- Guid:E8BABC004A6E5C5E740348B123543261 BaseClass:/Game/dead_zone.dead_zone_C NativeClass:/Script/Engine.TriggerSphere Name:dead_zone_C_UAID_A4BB6D4C2A4B6FC201_1950756598 Label:dead_zone21 SpatiallyLoaded:1 Bounds:IsValid=true, Min=(X=2418.000 Y=2257.000 Z=242.000), Max=(X=2498.000 Y=2337.000 Z=322.000) RuntimeGrid:None EditorOnly:0 RuntimeOnly:0 HLODRelevant:0
 |   |   |- Guid:EA80C8CC401A55BE31F0B2B690587741 BaseClass: NativeClass:/Script/Engine.StaticMeshActor Name:StaticMeshActor_UAID_A4BB6D4C2A4B70C201_2112974782 Label:Cube9 SpatiallyLoaded:1 Bounds:IsValid=true, Min=(X=1857.500 Y=127.000 Z=200.000), Max=(X=1882.500 Y=727.000 Z=400.000) RuntimeGrid:None EditorOnly:0 RuntimeOnly:0 HLODRelevant:1
 |   |   |- Guid:EC266B7F4C55E11B799BB2AB9B1E2B55 BaseClass: NativeClass:/Script/Engine.StaticMeshActor Name:StaticMeshActor_UAID_A4BB6D4C22EBB8C201_1421384410 Label:Cube23 SpatiallyLoaded:1 Bounds:IsValid=true, Min=(X=1873.000 Y=-576.500 Z=-802.000), Max=(X=2723.000 Y=-551.500 Z=-402.000) RuntimeGrid:None EditorOnly:0 RuntimeOnly:0 HLODRelevant:1
 |   |   |- Guid:EC4E0C944CE6AC6E784BC6BB2916EA13 BaseClass: NativeClass:/Script/Engine.StaticMeshActor Name:StaticMeshActor_UAID_A4AE111137DC5EFB00_1110535423 Label:SM_SkySphere SpatiallyLoaded:0 Bounds:IsValid=true, Min=(X=-1638400.000 Y=-1638400.000 Z=-1638400.000), Max=(X=1638400.000 Y=1638400.000 Z=1638400.000) RuntimeGrid:None EditorOnly:0 RuntimeOnly:0 HLODRelevant:1 FolderPath:Lighting FolderGuid:963EC3EB4002CCE9759E2EBA541A873A
 |   |   |- Guid:EDDC991F4E2042C8BDF753982CE03AC6 BaseClass: NativeClass:/Script/Engine.StaticMeshActor Name:StaticMeshActor_UAID_A4BB6D4C2A4B6CC201_1530879034 Label:Cube3 SpatiallyLoaded:1 Bounds:IsValid=true, Min=(X=1857.500 Y=727.000 Z=1.000), Max=(X=1882.500 Y=1327.000 Z=401.000) RuntimeGrid:None EditorOnly:0 RuntimeOnly:0 HLODRelevant:1
 |   |   |- Guid:EE5EAD1E4F3871E910991AB827230CCC BaseClass: NativeClass:/Script/Engine.StaticMeshActor Name:StaticMeshActor_UAID_A4BB6D4C22EBB8C201_1421382409 Label:Cube22 SpatiallyLoaded:1 Bounds:IsValid=true, Min=(X=1857.500 Y=-573.000 Z=-800.000), Max=(X=1882.500 Y=127.000 Z=-400.000) RuntimeGrid:None EditorOnly:0 RuntimeOnly:0 HLODRelevant:1
 |   |   |- Guid:F06AF22F4A77E2B436AF56B20D4F8242 BaseClass:/Game/dead_zone.dead_zone_C NativeClass:/Script/Engine.TriggerSphere Name:dead_zone_C_UAID_A4BB6D4C2A4B70C201_1623079777 Label:dead_zone22 SpatiallyLoaded:1 Bounds:IsValid=true, Min=(X=1884.000 Y=2198.000 Z=0.000), Max=(X=1964.000 Y=2278.000 Z=80.000) RuntimeGrid:None EditorOnly:0 RuntimeOnly:0 HLODRelevant:0
 |   |   |- Guid:F18FC16F48FFBEB701B7208E1739765D BaseClass: NativeClass:/Script/Engine.StaticMeshActor Name:StaticMeshActor_UAID_A4BB6D4C2A4B6FC201_2070912600 Label:Cube15 SpatiallyLoaded:1 Bounds:IsValid=true, Min=(X=1860.500 Y=-571.000 Z=400.500), Max=(X=2735.500 Y=129.000 Z=425.500) RuntimeGrid:None EditorOnly:0 RuntimeOnly:0 HLODRelevant:1
 |   |   |- Guid:F1924B8D48954B30891B2DB6A694F9CC BaseClass: NativeClass:/Script/Engine.StaticMeshActor Name:StaticMeshActor_1 Label:SM_Cube SpatiallyLoaded:1 Bounds:IsValid=true, Min=(X=0.000 Y=0.000 Z=-50.000), Max=(X=3000.000 Y=3500.000 Z=0.000) RuntimeGrid:None EditorOnly:0 RuntimeOnly:0 HLODRelevant:1 FolderPath:Playground FolderGuid:C73F09FC4215536B1DCE2A9E0A830C70
 |   |   |- Guid:F5E3FEB3450C49844FD93DA8E083C8AD BaseClass: NativeClass:/Script/Engine.PostProcessVolume Name:PostProcessVolume_0 Label:PostProcessVolume SpatiallyLoaded:0 Bounds:IsValid=true, Min=(X=0.000 Y=0.000 Z=400.000), Max=(X=200.000 Y=200.000 Z=600.000) RuntimeGrid:None EditorOnly:0 RuntimeOnly:0 HLODRelevant:0 FolderPath:Lighting FolderGuid:963EC3EB4002CCE9759E2EBA541A873A
 |   |   |- Guid:FF81A2F041DC3795895ADF91990B8F02 BaseClass: NativeClass:/Script/Engine.StaticMeshActor Name:StaticMeshActor_UAID_A4BB6D4C2A4B6FC201_2003367599 Label:Cube14 SpatiallyLoaded:1 Bounds:IsValid=true, Min=(X=1873.000 Y=-576.500 Z=-0.000), Max=(X=2723.000 Y=-551.500 Z=400.000) RuntimeGrid:None EditorOnly:0 RuntimeOnly:0 HLODRelevant:1
 |   |- [+] Clusters:
 |   |   |- [+] [  0]
 |   |   |   |- Guid:6BAF4DDD444C60371492D3919DB42C97 BaseClass: NativeClass:/Script/Engine.WorldDataLayers Name:WorldDataLayers Label:WorldDataLayers SpatiallyLoaded:0 Bounds:IsValid=true, Min=(X=0.000 Y=0.000 Z=0.000), Max=(X=0.000 Y=0.000 Z=0.000) RuntimeGrid:None EditorOnly:0 RuntimeOnly:0 HLODRelevant:0
 |   |   |- [+] [  1]
 |   |   |   |- Guid:DAE1D40F48A23FD03D5716A6B769571E BaseClass: NativeClass:/Script/Engine.StaticMeshActor Name:StaticMeshActor_UAID_A4BB6D4C2A4B6EC201_1944836393 Label:Cube8 SpatiallyLoaded:1 Bounds:IsValid=true, Min=(X=2717.500 Y=-577.500 Z=-0.000), Max=(X=2742.500 Y=2297.500 Z=400.000) RuntimeGrid:None EditorOnly:0 RuntimeOnly:0 HLODRelevant:1
 |   |   |- [+] [  2]
 |   |   |   |- Guid:F18FC16F48FFBEB701B7208E1739765D BaseClass: NativeClass:/Script/Engine.StaticMeshActor Name:StaticMeshActor_UAID_A4BB6D4C2A4B6FC201_2070912600 Label:Cube15 SpatiallyLoaded:1 Bounds:IsValid=true, Min=(X=1860.500 Y=-571.000 Z=400.500), Max=(X=2735.500 Y=129.000 Z=425.500) RuntimeGrid:None EditorOnly:0 RuntimeOnly:0 HLODRelevant:1
 |   |   |- [+] [  3]
 |   |   |   |- Guid:E87E56BF485F2BFD721D388C7EB1E8AE BaseClass:/Game/dead_zone.dead_zone_C NativeClass:/Script/Engine.TriggerSphere Name:dead_zone_C_UAID_A4BB6D4C2A4B6FC201_1883276581 Label:dead_zone4 SpatiallyLoaded:1 Bounds:IsValid=true, Min=(X=2259.000 Y=2257.000 Z=2.000), Max=(X=2339.000 Y=2337.000 Z=82.000) RuntimeGrid:None EditorOnly:0 RuntimeOnly:0 HLODRelevant:0
 |   |   |- [+] [  4]
 |   |   |   |- Guid:1E899B0C4DC38FBAEEE07DBB48DD7D39 BaseClass:/Game/dead_zone.dead_zone_C NativeClass:/Script/Engine.TriggerSphere Name:dead_zone_C_UAID_A4BB6D4C2A4B6FC201_1930069584 Label:dead_zone7 SpatiallyLoaded:1 Bounds:IsValid=true, Min=(X=2102.000 Y=2257.000 Z=81.000), Max=(X=2182.000 Y=2337.000 Z=161.000) RuntimeGrid:None EditorOnly:0 RuntimeOnly:0 HLODRelevant:0
 |   |   |- [+] [  5]
 |   |   |   |- Guid:F5E3FEB3450C49844FD93DA8E083C8AD BaseClass: NativeClass:/Script/Engine.PostProcessVolume Name:PostProcessVolume_0 Label:PostProcessVolume SpatiallyLoaded:0 Bounds:IsValid=true, Min=(X=0.000 Y=0.000 Z=400.000), Max=(X=200.000 Y=200.000 Z=600.000) RuntimeGrid:None EditorOnly:0 RuntimeOnly:0 HLODRelevant:0 FolderPath:Lighting FolderGuid:963EC3EB4002CCE9759E2EBA541A873A
 |   |   |- [+] [  6]
 |   |   |   |- Guid:2D99635C4EA1F5B8AFDA32A7D990041D BaseClass:/Game/dead_zone.dead_zone_C NativeClass:/Script/Engine.TriggerSphere Name:dead_zone_C_UAID_A4BB6D4C2A4B6FC201_1950750594 Label:dead_zone17 SpatiallyLoaded:1 Bounds:IsValid=true, Min=(X=2102.000 Y=2257.000 Z=242.000), Max=(X=2182.000 Y=2337.000 Z=322.000) RuntimeGrid:None EditorOnly:0 RuntimeOnly:0 HLODRelevant:0
 |   |   |- [+] [  7]
 |   |   |   |- Guid:8A098AD54AA7972951A57FA6126638A4 BaseClass: NativeClass:/Script/Engine.StaticMeshActor Name:StaticMeshActor_UAID_A4BB6D4C2A4B6CC201_1530881035 Label:Cube4 SpatiallyLoaded:1 Bounds:IsValid=true, Min=(X=2477.500 Y=727.000 Z=1.000), Max=(X=2502.500 Y=1327.000 Z=401.000) RuntimeGrid:None EditorOnly:0 RuntimeOnly:0 HLODRelevant:1
 |   |   |- [+] [  8]
 |   |   |   |- Guid:C5E98BD44190C368FAB2079CDF1C743B BaseClass:/Game/dead_zone.dead_zone_C NativeClass:/Script/Engine.TriggerSphere Name:dead_zone_C_UAID_A4BB6D4C2A4B6FC201_1950754597 Label:dead_zone20 SpatiallyLoaded:1 Bounds:IsValid=true, Min=(X=2338.000 Y=2257.000 Z=242.000), Max=(X=2418.000 Y=2337.000 Z=322.000) RuntimeGrid:None EditorOnly:0 RuntimeOnly:0 HLODRelevant:0
 |   |   |- [+] [  9]
 |   |   |   |- Guid:2E04EF504EC3E7C3C6DFBEAE09A972BA BaseClass:/Game/dead_zone.dead_zone_C NativeClass:/Script/Engine.TriggerSphere Name:dead_zone_C_UAID_A4BB6D4C2A4B84C001_1304774144 Label:dead_zone SpatiallyLoaded:1 Bounds:IsValid=true, Min=(X=770.000 Y=1620.000 Z=-40.000), Max=(X=850.000 Y=1700.000 Z=40.000) RuntimeGrid:None EditorOnly:0 RuntimeOnly:0 HLODRelevant:0
 |   |   |- [+] [ 10]
 |   |   |   |- Guid:3C39CE24417D6D645C4FB98F7F871CD8 BaseClass: NativeClass:/Script/Engine.StaticMeshActor Name:StaticMeshActor_UAID_A4BB6D4C2A4B6FC201_1243335574 Label:Cube12 SpatiallyLoaded:1 Bounds:IsValid=true, Min=(X=2497.500 Y=2277.500 Z=-0.000), Max=(X=2722.500 Y=2302.500 Z=400.000) RuntimeGrid:None EditorOnly:0 RuntimeOnly:0 HLODRelevant:1
 |   |   |- [+] [ 11]
 |   |   |   |- Guid:7B00FD844A17801C99293397E71103B8 BaseClass: NativeClass:/Script/Engine.StaticMeshActor Name:StaticMeshActor_UAID_A4BB6D4C2A4B6CC201_1571992038 Label:Cube7 SpatiallyLoaded:1 Bounds:IsValid=true, Min=(X=2100.000 Y=127.000 Z=400.500), Max=(X=2500.000 Y=1927.000 Z=425.500) RuntimeGrid:None EditorOnly:0 RuntimeOnly:0 HLODRelevant:1
 |   |   |- [+] [ 12]
 |   |   |   |- Guid:9EDCBD4A48B593538CB47FA9C2C20A6C BaseClass:/Game/elevator.elevator_C NativeClass:/Script/Engine.Actor Name:elevator_C_UAID_A4BB6D4C2A4B6CC201_1914343040 Label:elevator SpatiallyLoaded:1 Bounds:IsValid=true, Min=(X=1777.665 Y=-794.451 Z=-383.972), Max=(X=2822.335 Y=234.451 Z=323.972) RuntimeGrid:None EditorOnly:0 RuntimeOnly:0 HLODRelevant:0
 |   |   |- [+] [ 13]
 |   |   |   |- Guid:A64253CB43467A34AB8E4886C818ED47 BaseClass:/Game/dead_zone.dead_zone_C NativeClass:/Script/Engine.TriggerSphere Name:dead_zone_C_UAID_A4BB6D4C2A4B6FC201_1944240592 Label:dead_zone15 SpatiallyLoaded:1 Bounds:IsValid=true, Min=(X=2338.000 Y=2257.000 Z=161.000), Max=(X=2418.000 Y=2337.000 Z=241.000) RuntimeGrid:None EditorOnly:0 RuntimeOnly:0 HLODRelevant:0
 |   |   |- [+] [ 14]
 |   |   |   |- Guid:4D3BE93F4146AAAC8BBE79999D96D57F BaseClass: NativeClass:/Script/Engine.VolumetricCloud Name:VolumetricCloud_0 Label:VolumetricCloud SpatiallyLoaded:0 Bounds:IsValid=true, Min=(X=0.000 Y=0.000 Z=820.000), Max=(X=0.000 Y=0.000 Z=820.000) RuntimeGrid:None EditorOnly:0 RuntimeOnly:0 HLODRelevant:0 FolderPath:Lighting FolderGuid:963EC3EB4002CCE9759E2EBA541A873A
 |   |   |- [+] [ 15]
 |   |   |   |- Guid:1F021F32400C8E7F729008A0A1000DCD BaseClass:/Game/dead_zone.dead_zone_C NativeClass:/Script/Engine.TriggerSphere Name:dead_zone_C_UAID_A4BB6D4C2A4B6FC201_1944234589 Label:dead_zone12 SpatiallyLoaded:1 Bounds:IsValid=true, Min=(X=2102.000 Y=2257.000 Z=161.000), Max=(X=2182.000 Y=2337.000 Z=241.000) RuntimeGrid:None EditorOnly:0 RuntimeOnly:0 HLODRelevant:0
 |   |   |- [+] [ 16]
 |   |   |   |- Guid:0483AAD74D531AF3EC64BBB0EAE40C3B BaseClass:/Game/dead_zone.dead_zone_C NativeClass:/Script/Engine.TriggerSphere Name:dead_zone_C_UAID_A4BB6D4C2A4B6FC201_1950753596 Label:dead_zone19 SpatiallyLoaded:1 Bounds:IsValid=true, Min=(X=2259.000 Y=2257.000 Z=242.000), Max=(X=2339.000 Y=2337.000 Z=322.000) RuntimeGrid:None EditorOnly:0 RuntimeOnly:0 HLODRelevant:0
 |   |   |- [+] [ 17]
 |   |   |   |- Guid:20DF3CF347E97C2DB053C1A43803CC3A BaseClass:/Game/dead_zone.dead_zone_C NativeClass:/Script/Engine.TriggerSphere Name:dead_zone_C_UAID_A4BB6D4C2A4B6FC201_1944238591 Label:dead_zone14 SpatiallyLoaded:1 Bounds:IsValid=true, Min=(X=2259.000 Y=2257.000 Z=161.000), Max=(X=2339.000 Y=2337.000 Z=241.000) RuntimeGrid:None EditorOnly:0 RuntimeOnly:0 HLODRelevant:0
 |   |   |- [+] [ 18]
 |   |   |   |- Guid:7D97FC624CC0358D8D40C5850180F48E BaseClass:/Game/dead_zone.dead_zone_C NativeClass:/Script/Engine.TriggerSphere Name:dead_zone_C_UAID_A4BB6D4C2A4B70C201_1677022780 Label:dead_zone25 SpatiallyLoaded:1 Bounds:IsValid=true, Min=(X=1964.000 Y=2132.000 Z=0.000), Max=(X=2044.000 Y=2212.000 Z=80.000) RuntimeGrid:None EditorOnly:0 RuntimeOnly:0 HLODRelevant:0
 |   |   |- [+] [ 19]
 |   |   |   |- Guid:CCFF262C46EEFFDF319E7F9539CE697E BaseClass: NativeClass:/Script/Engine.SkyAtmosphere Name:SkyAtmosphere_0 Label:SkyAtmosphere SpatiallyLoaded:0 Bounds:IsValid=true, Min=(X=0.000 Y=0.000 Z=1020.000), Max=(X=0.000 Y=0.000 Z=1020.000) RuntimeGrid:None EditorOnly:0 RuntimeOnly:0 HLODRelevant:0 FolderPath:Lighting FolderGuid:963EC3EB4002CCE9759E2EBA541A873A
 |   |   |- [+] [ 20]
 |   |   |   |- Guid:EDDC991F4E2042C8BDF753982CE03AC6 BaseClass: NativeClass:/Script/Engine.StaticMeshActor Name:StaticMeshActor_UAID_A4BB6D4C2A4B6CC201_1530879034 Label:Cube3 SpatiallyLoaded:1 Bounds:IsValid=true, Min=(X=1857.500 Y=727.000 Z=1.000), Max=(X=1882.500 Y=1327.000 Z=401.000) RuntimeGrid:None EditorOnly:0 RuntimeOnly:0 HLODRelevant:1
 |   |   |- [+] [ 21]
 |   |   |   |- Guid:EC4E0C944CE6AC6E784BC6BB2916EA13 BaseClass: NativeClass:/Script/Engine.StaticMeshActor Name:StaticMeshActor_UAID_A4AE111137DC5EFB00_1110535423 Label:SM_SkySphere SpatiallyLoaded:0 Bounds:IsValid=true, Min=(X=-1638400.000 Y=-1638400.000 Z=-1638400.000), Max=(X=1638400.000 Y=1638400.000 Z=1638400.000) RuntimeGrid:None EditorOnly:0 RuntimeOnly:0 HLODRelevant:1 FolderPath:Lighting FolderGuid:963EC3EB4002CCE9759E2EBA541A873A
 |   |   |- [+] [ 22]
 |   |   |   |- Guid:79C184F04D2A333BA33781AF8175C47C BaseClass: NativeClass:/Script/Engine.StaticMeshActor Name:StaticMeshActor_UAID_A4BB6D4C2A4B6CC201_1542765037 Label:Cube6 SpatiallyLoaded:1 Bounds:IsValid=true, Min=(X=2477.500 Y=1327.000 Z=1.000), Max=(X=2502.500 Y=1927.000 Z=401.000) RuntimeGrid:None EditorOnly:0 RuntimeOnly:0 HLODRelevant:1
 |   |   |- [+] [ 23]
 |   |   |   |- Guid:E8BABC004A6E5C5E740348B123543261 BaseClass:/Game/dead_zone.dead_zone_C NativeClass:/Script/Engine.TriggerSphere Name:dead_zone_C_UAID_A4BB6D4C2A4B6FC201_1950756598 Label:dead_zone21 SpatiallyLoaded:1 Bounds:IsValid=true, Min=(X=2418.000 Y=2257.000 Z=242.000), Max=(X=2498.000 Y=2337.000 Z=322.000) RuntimeGrid:None EditorOnly:0 RuntimeOnly:0 HLODRelevant:0
 |   |   |- [+] [ 24]
 |   |   |   |- Guid:50AB24584297B7009FE85B840C3A09A0 BaseClass:/Game/dead_zone.dead_zone_C NativeClass:/Script/Engine.TriggerSphere Name:dead_zone_C_UAID_A4BB6D4C2A4B6FC201_1944237590 Label:dead_zone13 SpatiallyLoaded:1 Bounds:IsValid=true, Min=(X=2180.000 Y=2257.000 Z=161.000), Max=(X=2260.000 Y=2337.000 Z=241.000) RuntimeGrid:None EditorOnly:0 RuntimeOnly:0 HLODRelevant:0
 |   |   |- [+] [ 25]
 |   |   |   |- Guid:0219BB6F4A03FF5E36B25BBACE150E19 BaseClass:/Game/dead_zone.dead_zone_C NativeClass:/Script/Engine.TriggerSphere Name:dead_zone_C_UAID_A4BB6D4C2A4B70C201_1664032779 Label:dead_zone24 SpatiallyLoaded:1 Bounds:IsValid=true, Min=(X=1964.000 Y=2198.000 Z=0.000), Max=(X=2044.000 Y=2278.000 Z=80.000) RuntimeGrid:None EditorOnly:0 RuntimeOnly:0 HLODRelevant:0
 |   |   |- [+] [ 26]
 |   |   |   |- Guid:B785ED2844B84CFB91E7F39FE661CD99 BaseClass: NativeClass:/Script/Engine.DirectionalLight Name:DirectionalLight_0 Label:DirectionalLight SpatiallyLoaded:0 Bounds:IsValid=true, Min=(X=-1048576.000 Y=-1048576.000 Z=-1048576.000), Max=(X=1048576.000 Y=1048576.000 Z=1048576.000) RuntimeGrid:None EditorOnly:0 RuntimeOnly:0 HLODRelevant:0 FolderPath:Lighting FolderGuid:963EC3EB4002CCE9759E2EBA541A873A
 |   |   |- [+] [ 27]
 |   |   |   |- Guid:2FF7580045BB0F0242945EACD5E807B3 BaseClass:/Game/dead_zone.dead_zone_C NativeClass:/Script/Engine.TriggerSphere Name:dead_zone_C_UAID_A4BB6D4C2A4B6FC201_1950752595 Label:dead_zone18 SpatiallyLoaded:1 Bounds:IsValid=true, Min=(X=2180.000 Y=2257.000 Z=242.000), Max=(X=2260.000 Y=2337.000 Z=322.000) RuntimeGrid:None EditorOnly:0 RuntimeOnly:0 HLODRelevant:0
 |   |   |- [+] [ 28]
 |   |   |   |- Guid:21062A0146DDCB330CFEEEAA30DBBA39 BaseClass: NativeClass:/Script/Engine.StaticMeshActor Name:StaticMeshActor_UAID_A4BB6D4C2A4B6FC201_1082262571 Label:Cube10 SpatiallyLoaded:1 Bounds:IsValid=true, Min=(X=1877.500 Y=127.500 Z=-0.000), Max=(X=2102.500 Y=152.500 Z=400.000) RuntimeGrid:None EditorOnly:0 RuntimeOnly:0 HLODRelevant:1
 |   |   |- [+] [ 29]
 |   |   |   |- Guid:7FBD4A2F4ACD5533F9912C82A0C43271 BaseClass:/Game/dead_zone.dead_zone_C NativeClass:/Script/Engine.TriggerSphere Name:dead_zone_C_UAID_A4BB6D4C2A4B6FC201_1930071585 Label:dead_zone8 SpatiallyLoaded:1 Bounds:IsValid=true, Min=(X=2180.000 Y=2257.000 Z=81.000), Max=(X=2260.000 Y=2337.000 Z=161.000) RuntimeGrid:None EditorOnly:0 RuntimeOnly:0 HLODRelevant:0
 |   |   |- [+] [ 30]
 |   |   |   |- Guid:4C78E99F45BFEA4B505B55B692704DFC BaseClass: NativeClass:/Script/Engine.StaticMeshActor Name:StaticMeshActor_UAID_A4BB6D4C2A4B70C201_2128507783 Label:Cube16 SpatiallyLoaded:1 Bounds:IsValid=true, Min=(X=1857.500 Y=-573.000 Z=1.000), Max=(X=1882.500 Y=127.000 Z=401.000) RuntimeGrid:None EditorOnly:0 RuntimeOnly:0 HLODRelevant:1
 |   |   |- [+] [ 31]
 |   |   |   |- Guid:587AE0D64C290AD76DD3E4B090E1B686 BaseClass: NativeClass:/Script/Engine.StaticMeshActor Name:StaticMeshActor_UAID_A4BB6D4C2A4B6FC201_1172840572 Label:Cube11 SpatiallyLoaded:1 Bounds:IsValid=true, Min=(X=2497.500 Y=127.500 Z=-0.000), Max=(X=2722.500 Y=152.500 Z=400.000) RuntimeGrid:None EditorOnly:0 RuntimeOnly:0 HLODRelevant:1
 |   |   |- [+] [ 32]
 |   |   |   |- Guid:316CF2A6494ACA4C0E4180A87D36AB8F BaseClass: NativeClass:/Script/Engine.ExponentialHeightFog Name:ExponentialHeightFog_0 Label:ExponentialHeightFog SpatiallyLoaded:0 Bounds:IsValid=true, Min=(X=-5600.000 Y=-50.000 Z=-6850.000), Max=(X=-5600.000 Y=-50.000 Z=-6850.000) RuntimeGrid:None EditorOnly:0 RuntimeOnly:0 HLODRelevant:0 FolderPath:Lighting FolderGuid:963EC3EB4002CCE9759E2EBA541A873A
 |   |   |- [+] [ 33]
 |   |   |   |- Guid:5FEB02294F95AA14E380BDB299754134 BaseClass: NativeClass:/Script/Engine.StaticMeshActor Name:StaticMeshActor_UAID_A4BB6D4C22EB0FC101_1194513609 Label:SM_AssetPlatform SpatiallyLoaded:1 Bounds:IsValid=true, Min=(X=490.000 Y=510.000 Z=-0.050), Max=(X=690.000 Y=710.000 Z=10.000) RuntimeGrid:None EditorOnly:0 RuntimeOnly:0 HLODRelevant:1
 |   |   |- [+] [ 34]
 |   |   |   |- Guid:78FC2B1C4BB3D25E5685C8AC6AE6D792 BaseClass:/Game/dead_zone.dead_zone_C NativeClass:/Script/Engine.TriggerSphere Name:dead_zone_C_UAID_A4BB6D4C2A4B6FC201_1930073587 Label:dead_zone10 SpatiallyLoaded:1 Bounds:IsValid=true, Min=(X=2338.000 Y=2257.000 Z=81.000), Max=(X=2418.000 Y=2337.000 Z=161.000) RuntimeGrid:None EditorOnly:0 RuntimeOnly:0 HLODRelevant:0
 |   |   |- [+] [ 35]
 |   |   |   |- Guid:F1924B8D48954B30891B2DB6A694F9CC BaseClass: NativeClass:/Script/Engine.StaticMeshActor Name:StaticMeshActor_1 Label:SM_Cube SpatiallyLoaded:1 Bounds:IsValid=true, Min=(X=0.000 Y=0.000 Z=-50.000), Max=(X=3000.000 Y=3500.000 Z=0.000) RuntimeGrid:None EditorOnly:0 RuntimeOnly:0 HLODRelevant:1 FolderPath:Playground FolderGuid:C73F09FC4215536B1DCE2A9E0A830C70
 |   |   |- [+] [ 36]
 |   |   |   |- Guid:53C7C29447659358B7DC1F8C70E21BA9 BaseClass:/Game/dead_zone.dead_zone_C NativeClass:/Script/Engine.TriggerSphere Name:dead_zone_C_UAID_A4BB6D4C2A4B6FC201_1836893579 Label:dead_zone2 SpatiallyLoaded:1 Bounds:IsValid=true, Min=(X=2102.000 Y=2257.000 Z=2.000), Max=(X=2182.000 Y=2337.000 Z=82.000) RuntimeGrid:None EditorOnly:0 RuntimeOnly:0 HLODRelevant:0
 |   |   |- [+] [ 37]
 |   |   |   |- Guid:88DF6B26439E805A7E02D9939F76D1BD BaseClass:/Game/dead_zone.dead_zone_C NativeClass:/Script/Engine.TriggerSphere Name:dead_zone_C_UAID_A4BB6D4C2A4B70C201_1647420778 Label:dead_zone23 SpatiallyLoaded:1 Bounds:IsValid=true, Min=(X=1884.000 Y=2118.000 Z=0.000), Max=(X=1964.000 Y=2198.000 Z=80.000) RuntimeGrid:None EditorOnly:0 RuntimeOnly:0 HLODRelevant:0
 |   |   |- [+] [ 38]
 |   |   |   |- Guid:BAA9D3BC4917A67A5E57FBBFF7894E35 BaseClass: NativeClass:/Script/Engine.StaticMeshActor Name:StaticMeshActor_UAID_A4BB6D4C2A4B6CC201_1542764036 Label:Cube5 SpatiallyLoaded:1 Bounds:IsValid=true, Min=(X=1857.500 Y=1327.000 Z=1.000), Max=(X=1882.500 Y=1927.000 Z=401.000) RuntimeGrid:None EditorOnly:0 RuntimeOnly:0 HLODRelevant:1
 |   |   |- [+] [ 39]
 |   |   |   |- Guid:FF81A2F041DC3795895ADF91990B8F02 BaseClass: NativeClass:/Script/Engine.StaticMeshActor Name:StaticMeshActor_UAID_A4BB6D4C2A4B6FC201_2003367599 Label:Cube14 SpatiallyLoaded:1 Bounds:IsValid=true, Min=(X=1873.000 Y=-576.500 Z=-0.000), Max=(X=2723.000 Y=-551.500 Z=400.000) RuntimeGrid:None EditorOnly:0 RuntimeOnly:0 HLODRelevant:1
 |   |   |- [+] [ 40]
 |   |   |   |- Guid:2FB58999456391D349DC0F86DAC136ED BaseClass: NativeClass:/Script/Engine.SkyLight Name:SkyLight_1 Label:SkyLight SpatiallyLoaded:0 Bounds:IsValid=true, Min=(X=0.000 Y=0.000 Z=690.000), Max=(X=0.000 Y=0.000 Z=690.000) RuntimeGrid:None EditorOnly:0 RuntimeOnly:0 HLODRelevant:0 FolderPath:Lighting FolderGuid:963EC3EB4002CCE9759E2EBA541A873A
 |   |   |- [+] [ 41]
 |   |   |   |- Guid:357D576F4EED21E7FBD9A7B911B4C255 BaseClass:/Game/dead_zone.dead_zone_C NativeClass:/Script/Engine.TriggerSphere Name:dead_zone_C_UAID_A4BB6D4C2A4B70C201_1701613781 Label:dead_zone26 SpatiallyLoaded:1 Bounds:IsValid=true, Min=(X=2633.000 Y=2214.000 Z=0.000), Max=(X=2713.000 Y=2294.000 Z=80.000) RuntimeGrid:None EditorOnly:0 RuntimeOnly:0 HLODRelevant:0
 |   |   |- [+] [ 42]
 |   |   |   |- Guid:3AE9BA6A49968761330C22B8329654BC BaseClass: NativeClass:/Script/Engine.StaticMeshActor Name:StaticMeshActor_UAID_A4BB6D4C2A4B71C201_1259099960 Label:Cube17 SpatiallyLoaded:1 Bounds:IsValid=true, Min=(X=1857.500 Y=1927.500 Z=1.000), Max=(X=1882.500 Y=2302.500 Z=401.000) RuntimeGrid:None EditorOnly:0 RuntimeOnly:0 HLODRelevant:1
 |   |   |- [+] [ 43]
 |   |   |   |- Guid:222DFB664BEE01B5D55D4992C422D31A BaseClass:/Game/dead_zone.dead_zone_C NativeClass:/Script/Engine.TriggerSphere Name:dead_zone_C_UAID_A4BB6D4C2A4B6FC201_1944242593 Label:dead_zone16 SpatiallyLoaded:1 Bounds:IsValid=true, Min=(X=2418.000 Y=2257.000 Z=161.000), Max=(X=2498.000 Y=2337.000 Z=241.000) RuntimeGrid:None EditorOnly:0 RuntimeOnly:0 HLODRelevant:0
 |   |   |- [+] [ 44]
 |   |   |   |- Guid:EA80C8CC401A55BE31F0B2B690587741 BaseClass: NativeClass:/Script/Engine.StaticMeshActor Name:StaticMeshActor_UAID_A4BB6D4C2A4B70C201_2112974782 Label:Cube9 SpatiallyLoaded:1 Bounds:IsValid=true, Min=(X=1857.500 Y=127.000 Z=200.000), Max=(X=1882.500 Y=727.000 Z=400.000) RuntimeGrid:None EditorOnly:0 RuntimeOnly:0 HLODRelevant:1
 |   |   |- [+] [ 45]
 |   |   |   |- Guid:F06AF22F4A77E2B436AF56B20D4F8242 BaseClass:/Game/dead_zone.dead_zone_C NativeClass:/Script/Engine.TriggerSphere Name:dead_zone_C_UAID_A4BB6D4C2A4B70C201_1623079777 Label:dead_zone22 SpatiallyLoaded:1 Bounds:IsValid=true, Min=(X=1884.000 Y=2198.000 Z=0.000), Max=(X=1964.000 Y=2278.000 Z=80.000) RuntimeGrid:None EditorOnly:0 RuntimeOnly:0 HLODRelevant:0
 |   |   |- [+] [ 46]
 |   |   |   |- Guid:3AFF92CB46A72FA99411A7AE41104A54 BaseClass: NativeClass:/Script/Engine.StaticMeshActor Name:StaticMeshActor_UAID_A4BB6D4C2A4B71C201_1546199961 Label:Cube18 SpatiallyLoaded:1 Bounds:IsValid=true, Min=(X=2097.500 Y=727.000 Z=1.000), Max=(X=2122.500 Y=1327.000 Z=401.000) RuntimeGrid:None EditorOnly:0 RuntimeOnly:0 HLODRelevant:1
 |   |   |- [+] [ 47]
 |   |   |   |- Guid:8E3343C94B6C19446691A7856E1CE617 BaseClass:/Game/finished_security_camera.finished_security_camera_C NativeClass:/Script/Engine.Actor Name:finished_security_camera_C_UAID_A4BB6D4C2A4B6FC201_1787523578 Label:finished_security_camera2 SpatiallyLoaded:1 Bounds:IsValid=true, Min=(X=2444.804 Y=2279.369 Z=204.430), Max=(X=2499.206 Y=2299.338 Z=223.592) RuntimeGrid:None EditorOnly:0 RuntimeOnly:0 HLODRelevant:0
 |   |   |- [+] [ 48]
 |   |   |   |- Guid:54B0C1E1485D4F81ACF418918F7AB863 BaseClass: NativeClass:/Script/Engine.StaticMeshActor Name:StaticMeshActor_UAID_A4BB6D4C2A4B6FC201_1261711575 Label:Cube13 SpatiallyLoaded:1 Bounds:IsValid=true, Min=(X=1877.500 Y=2277.500 Z=-0.000), Max=(X=2102.500 Y=2302.500 Z=400.000) RuntimeGrid:None EditorOnly:0 RuntimeOnly:0 HLODRelevant:1
 |   |   |- [+] [ 49]
 |   |   |   |- Guid:38BF53B94A5061842809D8ABBEBE2BAB BaseClass:/Game/finished_security_camera.finished_security_camera_C NativeClass:/Script/Engine.Actor Name:finished_security_camera_C_UAID_A4BB6D4C2A4B6FC201_1760787577 Label:finished_security_camera SpatiallyLoaded:1 Bounds:IsValid=true, Min=(X=2102.303 Y=2283.563 Z=204.430), Max=(X=2155.626 Y=2294.437 Z=223.592) RuntimeGrid:None EditorOnly:0 RuntimeOnly:0 HLODRelevant:0
 |   |   |- [+] [ 50]
 |   |   |   |- Guid:C438E5A0476E9F6C218F50AB269885AB BaseClass: NativeClass:/Script/Engine.TriggerVolume Name:TriggerVolume_UAID_A4BB6D4C22EB0FC101_1157135608 Label:TriggerVolume SpatiallyLoaded:1 Bounds:IsValid=true, Min=(X=470.000 Y=560.000 Z=20.000), Max=(X=670.000 Y=760.000 Z=220.000) RuntimeGrid:None EditorOnly:0 RuntimeOnly:0 HLODRelevant:0
 |   |   |- [+] [ 51]
 |   |   |   |- Guid:DFDAD356422A7FD84502669B78F198BD BaseClass: NativeClass:/Script/Engine.StaticMeshActor Name:StaticMeshActor_UAID_A4BB6D4C2A4B6CC201_1485408033 Label:Cube2 SpatiallyLoaded:1 Bounds:IsValid=true, Min=(X=2477.500 Y=127.000 Z=1.000), Max=(X=2502.500 Y=727.000 Z=401.000) RuntimeGrid:None EditorOnly:0 RuntimeOnly:0 HLODRelevant:1
 |   |   |- [+] [ 52]
 |   |   |   |- Guid:3205062D4D00C7FA542D5FB762404C10 BaseClass: NativeClass:/Script/Engine.StaticMeshActor Name:StaticMeshActor_UAID_A4BB6D4C2A4B6AC201_1751545679 Label:Cube SpatiallyLoaded:1 Bounds:IsValid=true, Min=(X=2097.500 Y=127.000 Z=1.000), Max=(X=2122.500 Y=727.000 Z=401.000) RuntimeGrid:None EditorOnly:0 RuntimeOnly:0 HLODRelevant:1
 |   |   |- [+] [ 53]
 |   |   |   |- Guid:3A00AA1C422CE54C0BDB60BAF471BFBB BaseClass: NativeClass:/Script/Engine.PlayerStart Name:PlayerStart_0 Label:PlayerStart SpatiallyLoaded:0 Bounds:IsValid=true, Min=(X=860.000 Y=1070.000 Z=0.013), Max=(X=940.000 Y=1150.000 Z=184.013) RuntimeGrid:None EditorOnly:0 RuntimeOnly:0 HLODRelevant:0
 |   |   |- [+] [ 54]
 |   |   |   |- Guid:2903FB424202E15307BBAE9AF9152E91 BaseClass:/Game/dead_zone.dead_zone_C NativeClass:/Script/Engine.TriggerSphere Name:dead_zone_C_UAID_A4BB6D4C2A4B6FC201_1877359580 Label:dead_zone3 SpatiallyLoaded:1 Bounds:IsValid=true, Min=(X=2180.000 Y=2257.000 Z=2.000), Max=(X=2260.000 Y=2337.000 Z=82.000) RuntimeGrid:None EditorOnly:0 RuntimeOnly:0 HLODRelevant:0
 |   |   |- [+] [ 55]
 |   |   |   |- Guid:DAEF58F74297194B7C124282C662AB7A BaseClass:/Game/dead_zone.dead_zone_C NativeClass:/Script/Engine.TriggerSphere Name:dead_zone_C_UAID_A4BB6D4C2A4B6FC201_1930075588 Label:dead_zone11 SpatiallyLoaded:1 Bounds:IsValid=true, Min=(X=2418.000 Y=2257.000 Z=81.000), Max=(X=2498.000 Y=2337.000 Z=161.000) RuntimeGrid:None EditorOnly:0 RuntimeOnly:0 HLODRelevant:0
 |   |   |- [+] [ 56]
 |   |   |   |- Guid:7860EFC34BB50439B84E2F8FE34678E9 BaseClass:/Game/dead_zone.dead_zone_C NativeClass:/Script/Engine.TriggerSphere Name:dead_zone_C_UAID_A4BB6D4C2A4B6FC201_1930072586 Label:dead_zone9 SpatiallyLoaded:1 Bounds:IsValid=true, Min=(X=2259.000 Y=2257.000 Z=81.000), Max=(X=2339.000 Y=2337.000 Z=161.000) RuntimeGrid:None EditorOnly:0 RuntimeOnly:0 HLODRelevant:0
 |   |   |- [+] [ 57]
 |   |   |   |- Guid:CECD9B504650C66A6322E086D960D0A9 BaseClass:/Game/dead_zone.dead_zone_C NativeClass:/Script/Engine.TriggerSphere Name:dead_zone_C_UAID_A4BB6D4C2A4B6FC201_1887202582 Label:dead_zone5 SpatiallyLoaded:1 Bounds:IsValid=true, Min=(X=2338.000 Y=2257.000 Z=2.000), Max=(X=2418.000 Y=2337.000 Z=82.000) RuntimeGrid:None EditorOnly:0 RuntimeOnly:0 HLODRelevant:0
 |   |   |- [+] [ 58]
 |   |   |   |- Guid:57D8C05A4FD70A05C379C1AFC251BFE1 BaseClass:/Game/dead_zone.dead_zone_C NativeClass:/Script/Engine.TriggerSphere Name:dead_zone_C_UAID_A4BB6D4C2A4B6FC201_1891717583 Label:dead_zone6 SpatiallyLoaded:1 Bounds:IsValid=true, Min=(X=2418.000 Y=2257.000 Z=2.000), Max=(X=2498.000 Y=2337.000 Z=82.000) RuntimeGrid:None EditorOnly:0 RuntimeOnly:0 HLODRelevant:0
 |   |   |- [+] [ 59]
 |   |   |   |- Guid:D476DA7347972F511F7898B24D57525C BaseClass: NativeClass:/Script/Engine.SpotLight Name:SpotLight_UAID_A4BB6D4C22EB0EC101_2065874431 Label:SpotLight SpatiallyLoaded:1 Bounds:IsValid=true, Min=(X=400.656 Y=-399.344 Z=-1138.688), Max=(X=1999.344 Y=1199.344 Z=460.000) RuntimeGrid:None EditorOnly:0 RuntimeOnly:0 HLODRelevant:0
 |   |   |- [+] [ 60]
 |   |   |   |- Guid:1410FE7A415A00F14622BBBBBCD5CAAE BaseClass: NativeClass:/Script/Engine.StaticMeshActor Name:StaticMeshActor_UAID_A4BB6D4C2A4B71C201_1546201962 Label:Cube19 SpatiallyLoaded:1 Bounds:IsValid=true, Min=(X=2097.500 Y=1327.000 Z=1.000), Max=(X=2122.500 Y=1927.000 Z=401.000) RuntimeGrid:None EditorOnly:0 RuntimeOnly:0 HLODRelevant:1
 |   |   |- [+] [ 61]
 |   |   |   |- Guid:4010632842B21FE89F52CF9B4CCE8066 BaseClass: NativeClass:/Script/Engine.StaticMeshActor Name:StaticMeshActor_UAID_A4BB6D4C22EBB8C201_1352597407 Label:Cube20 SpatiallyLoaded:1 Bounds:IsValid=true, Min=(X=1857.500 Y=-573.000 Z=-401.000), Max=(X=1882.500 Y=127.000 Z=-1.000) RuntimeGrid:None EditorOnly:0 RuntimeOnly:0 HLODRelevant:1
 |   |   |- [+] [ 62]
 |   |   |   |- Guid:5D59DA4744A6C41190E2F5A09212D5BD BaseClass: NativeClass:/Script/Engine.StaticMeshActor Name:StaticMeshActor_UAID_A4BB6D4C22EBB8C201_1352600408 Label:Cube21 SpatiallyLoaded:1 Bounds:IsValid=true, Min=(X=1873.000 Y=-576.500 Z=-402.000), Max=(X=2723.000 Y=-551.500 Z=-2.000) RuntimeGrid:None EditorOnly:0 RuntimeOnly:0 HLODRelevant:1
 |   |   |- [+] [ 63]
 |   |   |   |- Guid:EE5EAD1E4F3871E910991AB827230CCC BaseClass: NativeClass:/Script/Engine.StaticMeshActor Name:StaticMeshActor_UAID_A4BB6D4C22EBB8C201_1421382409 Label:Cube22 SpatiallyLoaded:1 Bounds:IsValid=true, Min=(X=1857.500 Y=-573.000 Z=-800.000), Max=(X=1882.500 Y=127.000 Z=-400.000) RuntimeGrid:None EditorOnly:0 RuntimeOnly:0 HLODRelevant:1
 |   |   |- [+] [ 64]
 |   |   |   |- Guid:EC266B7F4C55E11B799BB2AB9B1E2B55 BaseClass: NativeClass:/Script/Engine.StaticMeshActor Name:StaticMeshActor_UAID_A4BB6D4C22EBB8C201_1421384410 Label:Cube23 SpatiallyLoaded:1 Bounds:IsValid=true, Min=(X=1873.000 Y=-576.500 Z=-802.000), Max=(X=2723.000 Y=-551.500 Z=-402.000) RuntimeGrid:None EditorOnly:0 RuntimeOnly:0 HLODRelevant:1
 |   |   |- [+] [ 65]
 |   |   |   |- Guid:A02F5AEE47AE29A5F1AA39BA205B13FE BaseClass: NativeClass:/Script/Engine.StaticMeshActor Name:StaticMeshActor_UAID_A4BB6D4C22EBB8C201_1674309411 Label:Cube24 SpatiallyLoaded:1 Bounds:IsValid=true, Min=(X=2719.000 Y=-542.000 Z=-929.000), Max=(X=2819.000 Y=-442.000 Z=-829.000) RuntimeGrid:None EditorOnly:0 RuntimeOnly:0 HLODRelevant:1
 |- ContainerInstances:
 |- [+] MainContainer:
 |   |-        ID: 0x0000000000000000
 |   |-    Bounds: IsValid=false, Min=(X=0.000 Y=0.000 Z=0.000), Max=(X=0.000 Y=0.000 Z=0.000)
 |   |- Transform: 0.000000,0.000000,0.000000|0.000000,0.000000,-0.000000|1.000000,1.000000,1.000000
 |   |- Container: /Game/ThirdPerson/Maps/ThirdPersonMap
----------------------------------------------------------------------------------------------------------------
ThirdPersonMap - Persistent Level
----------------------------------------------------------------------------------------------------------------
Always loaded Actor Count: 73 

----------------------------------------------------------------------------------------------------------------
ThirdPersonMap - Runtime Spatial Hash - Streaming Grid - MainGrid
----------------------------------------------------------------------------------------------------------------
            Origin: X=0.000 Y=0.000 Z=0.000
         Cell Size: 12800
      World Bounds: IsValid=false, Min=(X=0.000 Y=0.000 Z=0.000), Max=(X=0.000 Y=0.000 Z=0.000)
     Loading Range: 25600.00
Block Slow Loading: No
 ClientOnlyVisible: No

[+] Grid Levels: 1
 |- Level  0: Cell Count    0 | Cell Size   12800 | Actor Count    0 (0.0%)

[+] Content of Grid Level 0

